<?xml version="1.0" encoding="UTF-8"?>
<!-- Generated by org.testng.reporters.JUnitReportReporter -->
<testsuite hostname="LAPTOP-AC9SBVPN" failures="0" tests="1" name="com.testcases.SortTestDOW" time="25.140" errors="0" timestamp="2021-12-11T14:59:54 IST" skipped="0">
  <testcase classname="com.testcases.SortTestDOW" name="dowSortItems" time="25.140"/>
  <system-out/>
</testsuite> <!-- com.testcases.SortTestDOW -->
