<?xml version="1.0" encoding="UTF-8"?>
<!-- Generated by org.testng.reporters.JUnitReportReporter -->
<testsuite hostname="LAPTOP-AC9SBVPN" failures="0" tests="4" name="com.testcases.SearchTest" time="166.791" errors="0" timestamp="2021-12-11T14:59:54 IST" skipped="0">
  <testcase classname="com.testcases.SearchTest" name="searchItems" time="41.592"/>
  <system-out/>
  <testcase classname="com.testcases.SearchTest" name="searchItems" time="40.228"/>
  <system-out/>
  <testcase classname="com.testcases.SearchTest" name="searchItems" time="42.301"/>
  <system-out/>
  <testcase classname="com.testcases.SearchTest" name="searchItems" time="42.670"/>
  <system-out/>
</testsuite> <!-- com.testcases.SearchTest -->
