<?xml version="1.0" encoding="UTF-8"?>
<!-- Generated by org.testng.reporters.JUnitReportReporter -->
<testsuite hostname="LAPTOP-AC9SBVPN" failures="0" tests="4" name="com.testcases.LoginPageTest" time="202.421" errors="0" timestamp="2021-12-11T14:59:54 IST" skipped="0">
  <testcase classname="com.testcases.LoginPageTest" name="validateLoginTest" time="65.895"/>
  <system-out/>
  <testcase classname="com.testcases.LoginPageTest" name="validateLoginTest" time="64.794"/>
  <system-out/>
  <testcase classname="com.testcases.LoginPageTest" name="validateLoginTest" time="67.628"/>
  <system-out/>
  <testcase classname="com.testcases.LoginPageTest" name="titleTest" time="4.104"/>
  <system-out/>
</testsuite> <!-- com.testcases.LoginPageTest -->
