<?xml version="1.0" encoding="UTF-8"?>
<!-- Generated by org.testng.reporters.JUnitReportReporter -->
<testsuite hostname="LAPTOP-AC9SBVPN" failures="0" tests="4" name="com.testcases.SearchTest" time="170.267" errors="0" timestamp="2021-12-12T13:52:04 IST" skipped="0">
  <testcase classname="com.testcases.SearchTest" name="searchItems" time="42.760"/>
  <system-out/>
  <testcase classname="com.testcases.SearchTest" name="searchItems" time="41.387"/>
  <system-out/>
  <testcase classname="com.testcases.SearchTest" name="searchItems" time="42.669"/>
  <system-out/>
  <testcase classname="com.testcases.SearchTest" name="searchItems" time="43.451"/>
  <system-out/>
</testsuite> <!-- com.testcases.SearchTest -->
